ReferenceError: res is not defined
    at /home/eeboxir/backend/server.js:79:3
    at Layer.handle [as handle_request] (/home/eeboxir/backend/node_modules/express/lib/router/layer.js:95:5)
    at next (/home/eeboxir/backend/node_modules/express/lib/router/route.js:144:13)
    at Route.dispatch (/home/eeboxir/backend/node_modules/express/lib/router/route.js:114:3)
    at Layer.handle [as handle_request] (/home/eeboxir/backend/node_modules/express/lib/router/layer.js:95:5)
    at /home/eeboxir/backend/node_modules/express/lib/router/index.js:284:15
    at Function.process_params (/home/eeboxir/backend/node_modules/express/lib/router/index.js:346:12)
    at next (/home/eeboxir/backend/node_modules/express/lib/router/index.js:280:10)
    at jsonParser (/home/eeboxir/backend/node_modules/body-parser/lib/types/json.js:110:7)
    at Layer.handle [as handle_request] (/home/eeboxir/backend/node_modules/express/lib/router/layer.js:95:5)
error: password authentication failed for user "admin"
    at Parser.parseErrorMessage (/home/eeboxir/backend/node_modules/pg-protocol/dist/parser.js:287:98)
    at Parser.handlePacket (/home/eeboxir/backend/node_modules/pg-protocol/dist/parser.js:126:29)
    at Parser.parse (/home/eeboxir/backend/node_modules/pg-protocol/dist/parser.js:39:38)
    at Socket.<anonymous> (/home/eeboxir/backend/node_modules/pg-protocol/dist/index.js:11:42)
    at Socket.emit (node:events:513:28)
    at addChunk (node:internal/streams/readable:324:12)
    at readableAddChunk (node:internal/streams/readable:297:9)
    at Readable.push (node:internal/streams/readable:234:10)
    at TCP.onStreamRead (node:internal/stream_base_commons:190:23)
error: password authentication failed for user "admin"
    at Parser.parseErrorMessage (/home/eeboxir/backend/node_modules/pg-protocol/dist/parser.js:287:98)
    at Parser.handlePacket (/home/eeboxir/backend/node_modules/pg-protocol/dist/parser.js:126:29)
    at Parser.parse (/home/eeboxir/backend/node_modules/pg-protocol/dist/parser.js:39:38)
    at Socket.<anonymous> (/home/eeboxir/backend/node_modules/pg-protocol/dist/index.js:11:42)
    at Socket.emit (node:events:513:28)
    at addChunk (node:internal/streams/readable:324:12)
    at readableAddChunk (node:internal/streams/readable:297:9)
    at Readable.push (node:internal/streams/readable:234:10)
    at TCP.onStreamRead (node:internal/stream_base_commons:190:23)
error: password authentication failed for user "admin"
    at Parser.parseErrorMessage (/home/eeboxir/backend/node_modules/pg-protocol/dist/parser.js:287:98)
    at Parser.handlePacket (/home/eeboxir/backend/node_modules/pg-protocol/dist/parser.js:126:29)
    at Parser.parse (/home/eeboxir/backend/node_modules/pg-protocol/dist/parser.js:39:38)
    at Socket.<anonymous> (/home/eeboxir/backend/node_modules/pg-protocol/dist/index.js:11:42)
    at Socket.emit (node:events:513:28)
    at addChunk (node:internal/streams/readable:324:12)
    at readableAddChunk (node:internal/streams/readable:297:9)
    at Readable.push (node:internal/streams/readable:234:10)
    at TCP.onStreamRead (node:internal/stream_base_commons:190:23)
error: password authentication failed for user "admin"
    at Parser.parseErrorMessage (/home/eeboxir/backend/node_modules/pg-protocol/dist/parser.js:287:98)
    at Parser.handlePacket (/home/eeboxir/backend/node_modules/pg-protocol/dist/parser.js:126:29)
    at Parser.parse (/home/eeboxir/backend/node_modules/pg-protocol/dist/parser.js:39:38)
    at Socket.<anonymous> (/home/eeboxir/backend/node_modules/pg-protocol/dist/index.js:11:42)
    at Socket.emit (node:events:513:28)
    at addChunk (node:internal/streams/readable:324:12)
    at readableAddChunk (node:internal/streams/readable:297:9)
    at Readable.push (node:internal/streams/readable:234:10)
    at TCP.onStreamRead (node:internal/stream_base_commons:190:23)
error: password authentication failed for user "admin"
    at Parser.parseErrorMessage (/home/eeboxir/backend/node_modules/pg-protocol/dist/parser.js:287:98)
    at Parser.handlePacket (/home/eeboxir/backend/node_modules/pg-protocol/dist/parser.js:126:29)
    at Parser.parse (/home/eeboxir/backend/node_modules/pg-protocol/dist/parser.js:39:38)
    at Socket.<anonymous> (/home/eeboxir/backend/node_modules/pg-protocol/dist/index.js:11:42)
    at Socket.emit (node:events:513:28)
    at addChunk (node:internal/streams/readable:324:12)
    at readableAddChunk (node:internal/streams/readable:297:9)
    at Readable.push (node:internal/streams/readable:234:10)
    at TCP.onStreamRead (node:internal/stream_base_commons:190:23)
error: password authentication failed for user "admin"
    at Parser.parseErrorMessage (/home/eeboxir/backend/node_modules/pg-protocol/dist/parser.js:287:98)
    at Parser.handlePacket (/home/eeboxir/backend/node_modules/pg-protocol/dist/parser.js:126:29)
    at Parser.parse (/home/eeboxir/backend/node_modules/pg-protocol/dist/parser.js:39:38)
    at Socket.<anonymous> (/home/eeboxir/backend/node_modules/pg-protocol/dist/index.js:11:42)
    at Socket.emit (node:events:513:28)
    at addChunk (node:internal/streams/readable:324:12)
    at readableAddChunk (node:internal/streams/readable:297:9)
    at Readable.push (node:internal/streams/readable:234:10)
    at TCP.onStreamRead (node:internal/stream_base_commons:190:23)
error: password authentication failed for user "admin"
    at Parser.parseErrorMessage (/home/eeboxir/backend/node_modules/pg-protocol/dist/parser.js:287:98)
    at Parser.handlePacket (/home/eeboxir/backend/node_modules/pg-protocol/dist/parser.js:126:29)
    at Parser.parse (/home/eeboxir/backend/node_modules/pg-protocol/dist/parser.js:39:38)
    at Socket.<anonymous> (/home/eeboxir/backend/node_modules/pg-protocol/dist/index.js:11:42)
    at Socket.emit (node:events:513:28)
    at addChunk (node:internal/streams/readable:324:12)
    at readableAddChunk (node:internal/streams/readable:297:9)
    at Readable.push (node:internal/streams/readable:234:10)
    at TCP.onStreamRead (node:internal/stream_base_commons:190:23)
error: password authentication failed for user "admin"
    at Parser.parseErrorMessage (/home/eeboxir/backend/node_modules/pg-protocol/dist/parser.js:287:98)
    at Parser.handlePacket (/home/eeboxir/backend/node_modules/pg-protocol/dist/parser.js:126:29)
    at Parser.parse (/home/eeboxir/backend/node_modules/pg-protocol/dist/parser.js:39:38)
    at Socket.<anonymous> (/home/eeboxir/backend/node_modules/pg-protocol/dist/index.js:11:42)
    at Socket.emit (node:events:513:28)
    at addChunk (node:internal/streams/readable:324:12)
    at readableAddChunk (node:internal/streams/readable:297:9)
    at Readable.push (node:internal/streams/readable:234:10)
    at TCP.onStreamRead (node:internal/stream_base_commons:190:23)
error: password authentication failed for user "admin"
    at Parser.parseErrorMessage (/home/eeboxir/backend/node_modules/pg-protocol/dist/parser.js:287:98)
    at Parser.handlePacket (/home/eeboxir/backend/node_modules/pg-protocol/dist/parser.js:126:29)
    at Parser.parse (/home/eeboxir/backend/node_modules/pg-protocol/dist/parser.js:39:38)
    at Socket.<anonymous> (/home/eeboxir/backend/node_modules/pg-protocol/dist/index.js:11:42)
    at Socket.emit (node:events:513:28)
    at addChunk (node:internal/streams/readable:324:12)
    at readableAddChunk (node:internal/streams/readable:297:9)
    at Readable.push (node:internal/streams/readable:234:10)
    at TCP.onStreamRead (node:internal/stream_base_commons:190:23)
error: password authentication failed for user "admin"
    at Parser.parseErrorMessage (/home/eeboxir/backend/node_modules/pg-protocol/dist/parser.js:287:98)
    at Parser.handlePacket (/home/eeboxir/backend/node_modules/pg-protocol/dist/parser.js:126:29)
    at Parser.parse (/home/eeboxir/backend/node_modules/pg-protocol/dist/parser.js:39:38)
    at Socket.<anonymous> (/home/eeboxir/backend/node_modules/pg-protocol/dist/index.js:11:42)
    at Socket.emit (node:events:513:28)
    at addChunk (node:internal/streams/readable:324:12)
    at readableAddChunk (node:internal/streams/readable:297:9)
    at Readable.push (node:internal/streams/readable:234:10)
    at TCP.onStreamRead (node:internal/stream_base_commons:190:23)
error: password authentication failed for user "admin"
    at Parser.parseErrorMessage (/home/eeboxir/backend/node_modules/pg-protocol/dist/parser.js:287:98)
    at Parser.handlePacket (/home/eeboxir/backend/node_modules/pg-protocol/dist/parser.js:126:29)
    at Parser.parse (/home/eeboxir/backend/node_modules/pg-protocol/dist/parser.js:39:38)
    at Socket.<anonymous> (/home/eeboxir/backend/node_modules/pg-protocol/dist/index.js:11:42)
    at Socket.emit (node:events:513:28)
    at addChunk (node:internal/streams/readable:324:12)
    at readableAddChunk (node:internal/streams/readable:297:9)
    at Readable.push (node:internal/streams/readable:234:10)
    at TCP.onStreamRead (node:internal/stream_base_commons:190:23)
error: password authentication failed for user "admin"
    at Parser.parseErrorMessage (/home/eeboxir/backend/node_modules/pg-protocol/dist/parser.js:287:98)
    at Parser.handlePacket (/home/eeboxir/backend/node_modules/pg-protocol/dist/parser.js:126:29)
    at Parser.parse (/home/eeboxir/backend/node_modules/pg-protocol/dist/parser.js:39:38)
    at Socket.<anonymous> (/home/eeboxir/backend/node_modules/pg-protocol/dist/index.js:11:42)
    at Socket.emit (node:events:513:28)
    at addChunk (node:internal/streams/readable:324:12)
    at readableAddChunk (node:internal/streams/readable:297:9)
    at Readable.push (node:internal/streams/readable:234:10)
    at TCP.onStreamRead (node:internal/stream_base_commons:190:23)
error: password authentication failed for user "admin"
    at Parser.parseErrorMessage (/home/eeboxir/backend/node_modules/pg-protocol/dist/parser.js:287:98)
    at Parser.handlePacket (/home/eeboxir/backend/node_modules/pg-protocol/dist/parser.js:126:29)
    at Parser.parse (/home/eeboxir/backend/node_modules/pg-protocol/dist/parser.js:39:38)
    at Socket.<anonymous> (/home/eeboxir/backend/node_modules/pg-protocol/dist/index.js:11:42)
    at Socket.emit (node:events:513:28)
    at addChunk (node:internal/streams/readable:324:12)
    at readableAddChunk (node:internal/streams/readable:297:9)
    at Readable.push (node:internal/streams/readable:234:10)
    at TCP.onStreamRead (node:internal/stream_base_commons:190:23)
Failed to prune sessions: error: password authentication failed for user "admin"
    at Parser.parseErrorMessage (/home/eeboxir/backend/node_modules/pg-protocol/dist/parser.js:287:98)
    at Parser.handlePacket (/home/eeboxir/backend/node_modules/pg-protocol/dist/parser.js:126:29)
    at Parser.parse (/home/eeboxir/backend/node_modules/pg-protocol/dist/parser.js:39:38)
    at Socket.<anonymous> (/home/eeboxir/backend/node_modules/pg-protocol/dist/index.js:11:42)
    at Socket.emit (node:events:513:28)
    at addChunk (node:internal/streams/readable:324:12)
    at readableAddChunk (node:internal/streams/readable:297:9)
    at Readable.push (node:internal/streams/readable:234:10)
    at TCP.onStreamRead (node:internal/stream_base_commons:190:23) {
  length: 101,
  severity: 'FATAL',
  code: '28P01',
  detail: undefined,
  hint: undefined,
  position: undefined,
  internalPosition: undefined,
  internalQuery: undefined,
  where: undefined,
  schema: undefined,
  table: undefined,
  column: undefined,
  dataType: undefined,
  constraint: undefined,
  file: 'auth.c',
  line: '329',
  routine: 'auth_failed'
}
Failed to prune sessions: error: password authentication failed for user "admin"
    at Parser.parseErrorMessage (/home/eeboxir/backend/node_modules/pg-protocol/dist/parser.js:287:98)
    at Parser.handlePacket (/home/eeboxir/backend/node_modules/pg-protocol/dist/parser.js:126:29)
    at Parser.parse (/home/eeboxir/backend/node_modules/pg-protocol/dist/parser.js:39:38)
    at Socket.<anonymous> (/home/eeboxir/backend/node_modules/pg-protocol/dist/index.js:11:42)
    at Socket.emit (node:events:513:28)
    at addChunk (node:internal/streams/readable:324:12)
    at readableAddChunk (node:internal/streams/readable:297:9)
    at Readable.push (node:internal/streams/readable:234:10)
    at TCP.onStreamRead (node:internal/stream_base_commons:190:23) {
  length: 101,
  severity: 'FATAL',
  code: '28P01',
  detail: undefined,
  hint: undefined,
  position: undefined,
  internalPosition: undefined,
  internalQuery: undefined,
  where: undefined,
  schema: undefined,
  table: undefined,
  column: undefined,
  dataType: undefined,
  constraint: undefined,
  file: 'auth.c',
  line: '329',
  routine: 'auth_failed'
}
Failed to prune sessions: error: password authentication failed for user "admin"
    at Parser.parseErrorMessage (/home/eeboxir/backend/node_modules/pg-protocol/dist/parser.js:287:98)
    at Parser.handlePacket (/home/eeboxir/backend/node_modules/pg-protocol/dist/parser.js:126:29)
    at Parser.parse (/home/eeboxir/backend/node_modules/pg-protocol/dist/parser.js:39:38)
    at Socket.<anonymous> (/home/eeboxir/backend/node_modules/pg-protocol/dist/index.js:11:42)
    at Socket.emit (node:events:513:28)
    at addChunk (node:internal/streams/readable:324:12)
    at readableAddChunk (node:internal/streams/readable:297:9)
    at Readable.push (node:internal/streams/readable:234:10)
    at TCP.onStreamRead (node:internal/stream_base_commons:190:23) {
  length: 101,
  severity: 'FATAL',
  code: '28P01',
  detail: undefined,
  hint: undefined,
  position: undefined,
  internalPosition: undefined,
  internalQuery: undefined,
  where: undefined,
  schema: undefined,
  table: undefined,
  column: undefined,
  dataType: undefined,
  constraint: undefined,
  file: 'auth.c',
  line: '329',
  routine: 'auth_failed'
}
Failed to prune sessions: error: password authentication failed for user "admin"
    at Parser.parseErrorMessage (/home/eeboxir/backend/node_modules/pg-protocol/dist/parser.js:287:98)
    at Parser.handlePacket (/home/eeboxir/backend/node_modules/pg-protocol/dist/parser.js:126:29)
    at Parser.parse (/home/eeboxir/backend/node_modules/pg-protocol/dist/parser.js:39:38)
    at Socket.<anonymous> (/home/eeboxir/backend/node_modules/pg-protocol/dist/index.js:11:42)
    at Socket.emit (node:events:513:28)
    at addChunk (node:internal/streams/readable:324:12)
    at readableAddChunk (node:internal/streams/readable:297:9)
    at Readable.push (node:internal/streams/readable:234:10)
    at TCP.onStreamRead (node:internal/stream_base_commons:190:23) {
  length: 101,
  severity: 'FATAL',
  code: '28P01',
  detail: undefined,
  hint: undefined,
  position: undefined,
  internalPosition: undefined,
  internalQuery: undefined,
  where: undefined,
  schema: undefined,
  table: undefined,
  column: undefined,
  dataType: undefined,
  constraint: undefined,
  file: 'auth.c',
  line: '329',
  routine: 'auth_failed'
}
Failed to prune sessions: error: password authentication failed for user "admin"
    at Parser.parseErrorMessage (/home/eeboxir/backend/node_modules/pg-protocol/dist/parser.js:287:98)
    at Parser.handlePacket (/home/eeboxir/backend/node_modules/pg-protocol/dist/parser.js:126:29)
    at Parser.parse (/home/eeboxir/backend/node_modules/pg-protocol/dist/parser.js:39:38)
    at Socket.<anonymous> (/home/eeboxir/backend/node_modules/pg-protocol/dist/index.js:11:42)
    at Socket.emit (node:events:513:28)
    at addChunk (node:internal/streams/readable:324:12)
    at readableAddChunk (node:internal/streams/readable:297:9)
    at Readable.push (node:internal/streams/readable:234:10)
    at TCP.onStreamRead (node:internal/stream_base_commons:190:23) {
  length: 101,
  severity: 'FATAL',
  code: '28P01',
  detail: undefined,
  hint: undefined,
  position: undefined,
  internalPosition: undefined,
  internalQuery: undefined,
  where: undefined,
  schema: undefined,
  table: undefined,
  column: undefined,
  dataType: undefined,
  constraint: undefined,
  file: 'auth.c',
  line: '329',
  routine: 'auth_failed'
}
Failed to prune sessions: error: password authentication failed for user "admin"
    at Parser.parseErrorMessage (/home/eeboxir/backend/node_modules/pg-protocol/dist/parser.js:287:98)
    at Parser.handlePacket (/home/eeboxir/backend/node_modules/pg-protocol/dist/parser.js:126:29)
    at Parser.parse (/home/eeboxir/backend/node_modules/pg-protocol/dist/parser.js:39:38)
    at Socket.<anonymous> (/home/eeboxir/backend/node_modules/pg-protocol/dist/index.js:11:42)
    at Socket.emit (node:events:513:28)
    at addChunk (node:internal/streams/readable:324:12)
    at readableAddChunk (node:internal/streams/readable:297:9)
    at Readable.push (node:internal/streams/readable:234:10)
    at TCP.onStreamRead (node:internal/stream_base_commons:190:23) {
  length: 101,
  severity: 'FATAL',
  code: '28P01',
  detail: undefined,
  hint: undefined,
  position: undefined,
  internalPosition: undefined,
  internalQuery: undefined,
  where: undefined,
  schema: undefined,
  table: undefined,
  column: undefined,
  dataType: undefined,
  constraint: undefined,
  file: 'auth.c',
  line: '329',
  routine: 'auth_failed'
}
Failed to prune sessions: error: password authentication failed for user "admin"
    at Parser.parseErrorMessage (/home/eeboxir/backend/node_modules/pg-protocol/dist/parser.js:287:98)
    at Parser.handlePacket (/home/eeboxir/backend/node_modules/pg-protocol/dist/parser.js:126:29)
    at Parser.parse (/home/eeboxir/backend/node_modules/pg-protocol/dist/parser.js:39:38)
    at Socket.<anonymous> (/home/eeboxir/backend/node_modules/pg-protocol/dist/index.js:11:42)
    at Socket.emit (node:events:513:28)
    at addChunk (node:internal/streams/readable:324:12)
    at readableAddChunk (node:internal/streams/readable:297:9)
    at Readable.push (node:internal/streams/readable:234:10)
    at TCP.onStreamRead (node:internal/stream_base_commons:190:23) {
  length: 101,
  severity: 'FATAL',
  code: '28P01',
  detail: undefined,
  hint: undefined,
  position: undefined,
  internalPosition: undefined,
  internalQuery: undefined,
  where: undefined,
  schema: undefined,
  table: undefined,
  column: undefined,
  dataType: undefined,
  constraint: undefined,
  file: 'auth.c',
  line: '329',
  routine: 'auth_failed'
}
Failed to prune sessions: error: password authentication failed for user "admin"
    at Parser.parseErrorMessage (/home/eeboxir/backend/node_modules/pg-protocol/dist/parser.js:287:98)
    at Parser.handlePacket (/home/eeboxir/backend/node_modules/pg-protocol/dist/parser.js:126:29)
    at Parser.parse (/home/eeboxir/backend/node_modules/pg-protocol/dist/parser.js:39:38)
    at Socket.<anonymous> (/home/eeboxir/backend/node_modules/pg-protocol/dist/index.js:11:42)
    at Socket.emit (node:events:513:28)
    at addChunk (node:internal/streams/readable:324:12)
    at readableAddChunk (node:internal/streams/readable:297:9)
    at Readable.push (node:internal/streams/readable:234:10)
    at TCP.onStreamRead (node:internal/stream_base_commons:190:23) {
  length: 101,
  severity: 'FATAL',
  code: '28P01',
  detail: undefined,
  hint: undefined,
  position: undefined,
  internalPosition: undefined,
  internalQuery: undefined,
  where: undefined,
  schema: undefined,
  table: undefined,
  column: undefined,
  dataType: undefined,
  constraint: undefined,
  file: 'auth.c',
  line: '329',
  routine: 'auth_failed'
}
Failed to prune sessions: error: password authentication failed for user "admin"
    at Parser.parseErrorMessage (/home/eeboxir/backend/node_modules/pg-protocol/dist/parser.js:287:98)
    at Parser.handlePacket (/home/eeboxir/backend/node_modules/pg-protocol/dist/parser.js:126:29)
    at Parser.parse (/home/eeboxir/backend/node_modules/pg-protocol/dist/parser.js:39:38)
    at Socket.<anonymous> (/home/eeboxir/backend/node_modules/pg-protocol/dist/index.js:11:42)
    at Socket.emit (node:events:513:28)
    at addChunk (node:internal/streams/readable:324:12)
    at readableAddChunk (node:internal/streams/readable:297:9)
    at Readable.push (node:internal/streams/readable:234:10)
    at TCP.onStreamRead (node:internal/stream_base_commons:190:23) {
  length: 101,
  severity: 'FATAL',
  code: '28P01',
  detail: undefined,
  hint: undefined,
  position: undefined,
  internalPosition: undefined,
  internalQuery: undefined,
  where: undefined,
  schema: undefined,
  table: undefined,
  column: undefined,
  dataType: undefined,
  constraint: undefined,
  file: 'auth.c',
  line: '329',
  routine: 'auth_failed'
}
Failed to prune sessions: error: password authentication failed for user "admin"
    at Parser.parseErrorMessage (/home/eeboxir/backend/node_modules/pg-protocol/dist/parser.js:287:98)
    at Parser.handlePacket (/home/eeboxir/backend/node_modules/pg-protocol/dist/parser.js:126:29)
    at Parser.parse (/home/eeboxir/backend/node_modules/pg-protocol/dist/parser.js:39:38)
    at Socket.<anonymous> (/home/eeboxir/backend/node_modules/pg-protocol/dist/index.js:11:42)
    at Socket.emit (node:events:513:28)
    at addChunk (node:internal/streams/readable:324:12)
    at readableAddChunk (node:internal/streams/readable:297:9)
    at Readable.push (node:internal/streams/readable:234:10)
    at TCP.onStreamRead (node:internal/stream_base_commons:190:23) {
  length: 101,
  severity: 'FATAL',
  code: '28P01',
  detail: undefined,
  hint: undefined,
  position: undefined,
  internalPosition: undefined,
  internalQuery: undefined,
  where: undefined,
  schema: undefined,
  table: undefined,
  column: undefined,
  dataType: undefined,
  constraint: undefined,
  file: 'auth.c',
  line: '329',
  routine: 'auth_failed'
}
